[00:00:01.773] Server  LOG      ✓ Ready in 1149ms
[00:00:06.487] Server  LOG      ○ Compiling / ...
[00:00:07.546] Browser INFO    %cDownload the React DevTools for a better development experience: https://react.dev/link/react-devtools font-weight:bold
[00:00:07.807] Browser LOG     %c[Vercel Web Analytics]%c Debug mode is enabled by default in development. No requests will be sent to the server. color: rgb(120, 120, 120) color: inherit
[00:00:07.807] Browser LOG     %c[Vercel Web Analytics]%c Running queued event color: rgb(120, 120, 120) color: inherit pageview {"path":"/","route":"/"}
[00:00:07.807] Browser LOG     %c[Vercel Web Analytics]%c [pageview] http://localhost:3000/ color: rgb(120, 120, 120) color: inherit {"dp":"/","o":"http://localhost:3000/","r":"","sdkn":"@vercel/analytics/next","sdkv":"1.5.0","sv":"0.1.3","ts":1764340638775}
[00:00:13.125] Browser LOG     User authenticated: {"contraseña":"123456","jerarquia":"Comisario General","nombre":"Carlos Director","preguntaSeguridad":"¿Nombre de tu primera mascota?","respuestaSeguridad":"firulais","rol":"DIRECTOR","usuario":"director@pst.gov"}
[00:00:16.125] Server  LOG      ○ Compiling /dashboard ...
[00:00:19.883] Browser LOG     %c[Vercel Web Analytics]%c [pageview] http://localhost:3000/dashboard color: rgb(120, 120, 120) color: inherit {"dp":"/dashboard","o":"http://localhost:3000/dashboard","sdkn":"@vercel/analytics/next","sdkv":"1.5.0","sv":"0.1.3","ts":1764340650551}
[00:00:25.544] Browser LOG     %c[Vercel Web Analytics]%c [pageview] http://localhost:3000/dashboard/cases color: rgb(120, 120, 120) color: inherit {"dp":"/dashboard/cases","o":"http://localhost:3000/dashboard/cases","sdkn":"@vercel/analytics/next","sdkv":"1.5.0","sv":"0.1.3","ts":1764340656511}
[00:00:31.591] Browser LOG     %c[Vercel Web Analytics]%c [pageview] http://localhost:3000/dashboard/cases/new?edit=2 color: rgb(120, 120, 120) color: inherit {"dp":"/dashboard/cases/new","o":"http://localhost:3000/dashboard/cases/new?edit=2","sdkn":"@vercel/analytics/next","sdkv":"1.5.0","sv":"0.1.3","ts":1764340662443}
[00:00:42.629] Browser LOG     %c[Vercel Web Analytics]%c [pageview] http://localhost:3000/dashboard/cases color: rgb(120, 120, 120) color: inherit {"dp":"/dashboard/cases","o":"http://localhost:3000/dashboard/cases","sdkn":"@vercel/analytics/next","sdkv":"1.5.0","sv":"0.1.3","ts":1764340673597}
[00:00:45.708] Browser LOG     %c[Vercel Web Analytics]%c [pageview] http://localhost:3000/dashboard/cases/new color: rgb(120, 120, 120) color: inherit {"dp":"/dashboard/cases/new","o":"http://localhost:3000/dashboard/cases/new","sdkn":"@vercel/analytics/next","sdkv":"1.5.0","sv":"0.1.3","ts":1764340676525}
[00:03:15.980] Browser LOG     [v0] Delito agregado exitosamente
[00:03:26.157] Browser LOG     [v0] Delito agregado exitosamente
[00:03:46.504] Browser LOG     [v0] Evidencia agregada exitosamente
[00:04:04.489] Browser LOG     [v0] Caso completo guardado: {"caso_judicial":{"anio_computo":"","circuito_judicial":"Circuito 2","dias_computo":"","fase_proceso":"juicio","fecha_coercion":"2005-12-12","fecha_oficio_computo":"2006-12-12","jurisdiccion_penal":"San Jose ","medida_coercion":"comparecencia","mes_computo":"","numero_expediente":"2024-50505","partes_involucradas":"Blablabla ","posee_computos":false,"situacion_juridica":"imputado","tiempo_fase_procesal":"","tipo_defensa":"publica","tipo_proceso":"abreviado"},"delitos":[{"id":"1764340826943","nivel_delito":"grave","nombre_bandas":"dsaadsdd","peso_droga":"","reincidente":false,"tipo_delito":"homicidio"},{"id":"1764340837129","nivel_delito":"grave","nombre_bandas":"gvvgghvg","peso_droga":"25","reincidente":false,"tipo_delito":"trafico_drogas"}],"detenido":{"apellido":"Mendoza","clasificacion_edad":"Menor de Edad","color_cabello":"x","color_ojos":"s","color_piel":"a","contextura":"media","direccion_aprehension":"jhgghghg","edad":"45","esta_lactando":true,"estado_civil":"casado","estatura_cm":"123","fecha_aprehension":"2225-12-12T14:22","fecha_nacimiento":"2025-01-10","forma_aprehension":"flagrancia","foto_detenido_url":{"frontal":null,"lateral_derecha":null,"lateral_izquierda":null,"perfil":null},"gentilicio":"NO se","grado_instruccion":"primaria","indocumentado":false,"marcas_cicatrices_tatuajes":"jkcjnndsn","medicamento":"dawdw","nacionalidad":"Venezolano","nombre":"Luis","numero_pasaporte":"V-31129265","organismo_aprehensor":"ghhghggh","pais_origen":"Venezuela","patologia_enfermedad":"adw","peso_kg":"50","profesion_oficio":"Bi","raza":"luis ","sexo":"F","tiempo_aprehendido":"25","tiempo_gestacion":"dwada","tipo_discapacidad":"1551","tipo_documentacion":"","tipo_enfermedad":"edda","tratamiento":"dadwwa"},"evidencias":[{"archivos":[],"caracteristica":"sadasdas","descripcion_detallada":"dasdasda","estado_encontrado":"adssd","fecha_incautacion":"2025-02-25","hora_incautacion":"","id":"1764340857472","id_oficial_cargo":"sfsdfs","lugar_incautacion":"scsds","tipo_evidencia":"droga"}],"marcas_cicatrices_tatuajes_files":[],"victima":{"apellido":"dsasada","cedula":"dsadsa","edad":"25","fecha_nacimiento":"12220-12-20","nombre":"LLLL","tipo_victima":"institucion"}}
[00:04:04.489] Browser LOG     Saving case: {"caso_judicial":{"anio_computo":"","circuito_judicial":"Circuito 2","dias_computo":"","fase_proceso":"juicio","fecha_coercion":"2005-12-12","fecha_oficio_computo":"2006-12-12","jurisdiccion_penal":"San Jose ","medida_coercion":"comparecencia","mes_computo":"","numero_expediente":"2024-50505","partes_involucradas":"Blablabla ","posee_computos":false,"situacion_juridica":"imputado","tiempo_fase_procesal":"","tipo_defensa":"publica","tipo_proceso":"abreviado"},"delitos":[{"id":"1764340826943","nivel_delito":"grave","nombre_bandas":"dsaadsdd","peso_droga":"","reincidente":false,"tipo_delito":"homicidio"},{"id":"1764340837129","nivel_delito":"grave","nombre_bandas":"gvvgghvg","peso_droga":"25","reincidente":false,"tipo_delito":"trafico_drogas"}],"detenido":{"apellido":"Mendoza","clasificacion_edad":"Menor de Edad","color_cabello":"x","color_ojos":"s","color_piel":"a","contextura":"media","direccion_aprehension":"jhgghghg","edad":"45","esta_lactando":true,"estado_civil":"casado","estatura_cm":"123","fecha_aprehension":"2225-12-12T14:22","fecha_nacimiento":"2025-01-10","forma_aprehension":"flagrancia","foto_detenido_url":{"frontal":null,"lateral_derecha":null,"lateral_izquierda":null,"perfil":null},"gentilicio":"NO se","grado_instruccion":"primaria","indocumentado":false,"marcas_cicatrices_tatuajes":"jkcjnndsn","medicamento":"dawdw","nacionalidad":"Venezolano","nombre":"Luis","numero_pasaporte":"V-31129265","organismo_aprehensor":"ghhghggh","pais_origen":"Venezuela","patologia_enfermedad":"adw","peso_kg":"50","profesion_oficio":"Bi","raza":"luis ","sexo":"F","tiempo_aprehendido":"25","tiempo_gestacion":"dwada","tipo_discapacidad":"1551","tipo_documentacion":"","tipo_enfermedad":"edda","tratamiento":"dadwwa"},"evidencias":[{"archivos":[],"caracteristica":"sadasdas","descripcion_detallada":"dasdasda","estado_encontrado":"adssd","fecha_incautacion":"2025-02-25","hora_incautacion":"","id":"1764340857472","id_oficial_cargo":"sfsdfs","lugar_incautacion":"scsds","tipo_evidencia":"droga"}],"marcas_cicatrices_tatuajes_files":[],"victima":{"apellido":"dsasada","cedula":"dsadsa","edad":"25","fecha_nacimiento":"12220-12-20","nombre":"LLLL","tipo_victima":"institucion"}}
[00:04:04.625] Browser LOG     %c[Vercel Web Analytics]%c [pageview] http://localhost:3000/dashboard/cases color: rgb(120, 120, 120) color: inherit {"dp":"/dashboard/cases","o":"http://localhost:3000/dashboard/cases","sdkn":"@vercel/analytics/next","sdkv":"1.5.0","sv":"0.1.3","ts":1764340875587}
[00:04:08.393] Browser LOG     %c[Vercel Web Analytics]%c [pageview] http://localhost:3000/dashboard/cases/new?edit=1764340875458 color: rgb(120, 120, 120) color: inherit {"dp":"/dashboard/cases/new","o":"http://localhost:3000/dashboard/cases/new?edit=1764340875458","sdkn":"@vercel/analytics/next","sdkv":"1.5.0","sv":"0.1.3","ts":1764340879159}
[00:04:11.825] Browser LOG     %c[Vercel Web Analytics]%c [pageview] http://localhost:3000/dashboard/cases color: rgb(120, 120, 120) color: inherit {"dp":"/dashboard/cases","o":"http://localhost:3000/dashboard/cases","sdkn":"@vercel/analytics/next","sdkv":"1.5.0","sv":"0.1.3","ts":1764340882790}
[00:04:18.360] Browser LOG     %c[Vercel Web Analytics]%c [pageview] http://localhost:3000/dashboard/cases/new?edit=1764340875458 color: rgb(120, 120, 120) color: inherit {"dp":"/dashboard/cases/new","o":"http://localhost:3000/dashboard/cases/new?edit=1764340875458","sdkn":"@vercel/analytics/next","sdkv":"1.5.0","sv":"0.1.3","ts":1764340889105}
[00:04:23.810] Browser LOG     %c[Vercel Web Analytics]%c [pageview] http://localhost:3000/dashboard/cases color: rgb(120, 120, 120) color: inherit {"dp":"/dashboard/cases","o":"http://localhost:3000/dashboard/cases","sdkn":"@vercel/analytics/next","sdkv":"1.5.0","sv":"0.1.3","ts":1764340894773}
[00:04:50.571] Browser LOG     %c[Vercel Web Analytics]%c [pageview] http://localhost:3000/dashboard/incidents color: rgb(120, 120, 120) color: inherit {"dp":"/dashboard/incidents","o":"http://localhost:3000/dashboard/incidents","sdkn":"@vercel/analytics/next","sdkv":"1.5.0","sv":"0.1.3","ts":1764340921523}
[00:04:53.457] Browser LOG     %c[Vercel Web Analytics]%c [pageview] http://localhost:3000/dashboard/visits color: rgb(120, 120, 120) color: inherit {"dp":"/dashboard/visits","o":"http://localhost:3000/dashboard/visits","sdkn":"@vercel/analytics/next","sdkv":"1.5.0","sv":"0.1.3","ts":1764340924425}
[00:04:58.873] Browser WARN    The width(-1) and height(-1) of chart should be greater than 0,
       please check the style of container, or the props width(100%) and height(100%),
       or add a minWidth(0) or minHeight(undefined) or use aspect(undefined) to control the
       height and width.
[00:04:58.873] Browser WARN    The width(-1) and height(-1) of chart should be greater than 0,
       please check the style of container, or the props width(100%) and height(100%),
       or add a minWidth(0) or minHeight(undefined) or use aspect(undefined) to control the
       height and width.
[00:04:58.874] Browser WARN    The width(-1) and height(-1) of chart should be greater than 0,
       please check the style of container, or the props width(100%) and height(100%),
       or add a minWidth(0) or minHeight(undefined) or use aspect(undefined) to control the
       height and width.
[00:04:58.874] Browser WARN    The width(-1) and height(-1) of chart should be greater than 0,
       please check the style of container, or the props width(100%) and height(100%),
       or add a minWidth(0) or minHeight(undefined) or use aspect(undefined) to control the
       height and width.
[00:04:58.874] Browser LOG     %c[Vercel Web Analytics]%c [pageview] http://localhost:3000/dashboard/statistics color: rgb(120, 120, 120) color: inherit {"dp":"/dashboard/statistics","o":"http://localhost:3000/dashboard/statistics","sdkn":"@vercel/analytics/next","sdkv":"1.5.0","sv":"0.1.3","ts":1764340929605}
[00:05:00.875] Browser LOG     %c[Vercel Web Analytics]%c [pageview] http://localhost:3000/dashboard/users color: rgb(120, 120, 120) color: inherit {"dp":"/dashboard/users","o":"http://localhost:3000/dashboard/users","sdkn":"@vercel/analytics/next","sdkv":"1.5.0","sv":"0.1.3","ts":1764340931830}
[00:05:05.122] Browser LOG     %c[Vercel Web Analytics]%c [pageview] http://localhost:3000/ color: rgb(120, 120, 120) color: inherit {"dp":"/","o":"http://localhost:3000/","sdkn":"@vercel/analytics/next","sdkv":"1.5.0","sv":"0.1.3","ts":1764340936078}
[00:05:09.338] Browser LOG     User authenticated: {"contraseña":"123456","jerarquia":"Inspector Jefe","nombre":"María Coordinadora","preguntaSeguridad":"¿Ciudad de nacimiento?","respuestaSeguridad":"cagua","rol":"COORDINADOR","usuario":"coordinador@pst.gov"}
[00:05:09.642] Browser LOG     %c[Vercel Web Analytics]%c [pageview] http://localhost:3000/dashboard color: rgb(120, 120, 120) color: inherit {"dp":"/dashboard","o":"http://localhost:3000/dashboard","sdkn":"@vercel/analytics/next","sdkv":"1.5.0","sv":"0.1.3","ts":1764340940414}
[00:05:11.236] Browser LOG     %c[Vercel Web Analytics]%c [pageview] http://localhost:3000/dashboard/cases color: rgb(120, 120, 120) color: inherit {"dp":"/dashboard/cases","o":"http://localhost:3000/dashboard/cases","sdkn":"@vercel/analytics/next","sdkv":"1.5.0","sv":"0.1.3","ts":1764340942194}
[00:05:24.507] Browser LOG     %c[Vercel Web Analytics]%c [pageview] http://localhost:3000/ color: rgb(120, 120, 120) color: inherit {"dp":"/","o":"http://localhost:3000/","sdkn":"@vercel/analytics/next","sdkv":"1.5.0","sv":"0.1.3","ts":1764340955469}
[00:05:30.553] Browser LOG     User authenticated: {"contraseña":"123456","jerarquia":"Oficial","nombre":"Juan Funcionario","preguntaSeguridad":"¿Comida favorita?","respuestaSeguridad":"pizza","rol":"FUNCIONARIO","usuario":"funcionario@pst.gov"}
[00:05:30.553] Browser LOG     %c[Vercel Web Analytics]%c [pageview] http://localhost:3000/dashboard color: rgb(120, 120, 120) color: inherit {"dp":"/dashboard","o":"http://localhost:3000/dashboard","sdkn":"@vercel/analytics/next","sdkv":"1.5.0","sv":"0.1.3","ts":1764340961365}
[00:05:34.390] Browser LOG     %c[Vercel Web Analytics]%c [pageview] http://localhost:3000/dashboard/cases color: rgb(120, 120, 120) color: inherit {"dp":"/dashboard/cases","o":"http://localhost:3000/dashboard/cases","sdkn":"@vercel/analytics/next","sdkv":"1.5.0","sv":"0.1.3","ts":1764340965357}
[00:05:38.174] Browser LOG     %c[Vercel Web Analytics]%c [pageview] http://localhost:3000/dashboard/incidents color: rgb(120, 120, 120) color: inherit {"dp":"/dashboard/incidents","o":"http://localhost:3000/dashboard/incidents","sdkn":"@vercel/analytics/next","sdkv":"1.5.0","sv":"0.1.3","ts":1764340969124}
[00:05:39.913] Browser LOG     %c[Vercel Web Analytics]%c [pageview] http://localhost:3000/dashboard/guards color: rgb(120, 120, 120) color: inherit {"dp":"/dashboard/guards","o":"http://localhost:3000/dashboard/guards","sdkn":"@vercel/analytics/next","sdkv":"1.5.0","sv":"0.1.3","ts":1764340970867}
[00:05:40.058] Browser LOG     %c[Vercel Web Analytics]%c [pageview] http://localhost:3000/dashboard/visits color: rgb(120, 120, 120) color: inherit {"dp":"/dashboard/visits","o":"http://localhost:3000/dashboard/visits","sdkn":"@vercel/analytics/next","sdkv":"1.5.0","sv":"0.1.3","ts":1764340971029}
[00:05:41.427] Browser LOG     %c[Vercel Web Analytics]%c [pageview] http://localhost:3000/dashboard/guards color: rgb(120, 120, 120) color: inherit {"dp":"/dashboard/guards","o":"http://localhost:3000/dashboard/guards","sdkn":"@vercel/analytics/next","sdkv":"1.5.0","sv":"0.1.3","ts":1764340972394}
[00:05:42.140] Browser WARN    The width(-1) and height(-1) of chart should be greater than 0,
       please check the style of container, or the props width(100%) and height(100%),
       or add a minWidth(0) or minHeight(undefined) or use aspect(undefined) to control the
       height and width.
[00:05:42.140] Browser WARN    The width(-1) and height(-1) of chart should be greater than 0,
       please check the style of container, or the props width(100%) and height(100%),
       or add a minWidth(0) or minHeight(undefined) or use aspect(undefined) to control the
       height and width.
[00:05:42.140] Browser WARN    The width(-1) and height(-1) of chart should be greater than 0,
       please check the style of container, or the props width(100%) and height(100%),
       or add a minWidth(0) or minHeight(undefined) or use aspect(undefined) to control the
       height and width.
[00:05:42.140] Browser WARN    The width(-1) and height(-1) of chart should be greater than 0,
       please check the style of container, or the props width(100%) and height(100%),
       or add a minWidth(0) or minHeight(undefined) or use aspect(undefined) to control the
       height and width.
[00:05:42.140] Browser LOG     %c[Vercel Web Analytics]%c [pageview] http://localhost:3000/dashboard/statistics color: rgb(120, 120, 120) color: inherit {"dp":"/dashboard/statistics","o":"http://localhost:3000/dashboard/statistics","sdkn":"@vercel/analytics/next","sdkv":"1.5.0","sv":"0.1.3","ts":1764340972986}
[00:05:43.006] Browser LOG     %c[Vercel Web Analytics]%c [pageview] http://localhost:3000/dashboard/users color: rgb(120, 120, 120) color: inherit {"dp":"/dashboard/users","o":"http://localhost:3000/dashboard/users","sdkn":"@vercel/analytics/next","sdkv":"1.5.0","sv":"0.1.3","ts":1764340973969}
[00:05:44.585] Browser WARN    The width(-1) and height(-1) of chart should be greater than 0,
       please check the style of container, or the props width(100%) and height(100%),
       or add a minWidth(0) or minHeight(undefined) or use aspect(undefined) to control the
       height and width.
[00:05:44.585] Browser WARN    The width(-1) and height(-1) of chart should be greater than 0,
       please check the style of container, or the props width(100%) and height(100%),
       or add a minWidth(0) or minHeight(undefined) or use aspect(undefined) to control the
       height and width.
[00:05:44.585] Browser WARN    The width(-1) and height(-1) of chart should be greater than 0,
       please check the style of container, or the props width(100%) and height(100%),
       or add a minWidth(0) or minHeight(undefined) or use aspect(undefined) to control the
       height and width.
[00:05:44.585] Browser WARN    The width(-1) and height(-1) of chart should be greater than 0,
       please check the style of container, or the props width(100%) and height(100%),
       or add a minWidth(0) or minHeight(undefined) or use aspect(undefined) to control the
       height and width.
[00:05:44.585] Browser LOG     %c[Vercel Web Analytics]%c [pageview] http://localhost:3000/dashboard/statistics color: rgb(120, 120, 120) color: inherit {"dp":"/dashboard/statistics","o":"http://localhost:3000/dashboard/statistics","sdkn":"@vercel/analytics/next","sdkv":"1.5.0","sv":"0.1.3","ts":1764340975458}
[00:05:45.671] Browser LOG     %c[Vercel Web Analytics]%c [pageview] http://localhost:3000/dashboard color: rgb(120, 120, 120) color: inherit {"dp":"/dashboard","o":"http://localhost:3000/dashboard","sdkn":"@vercel/analytics/next","sdkv":"1.5.0","sv":"0.1.3","ts":1764340976489}
[00:06:07.819] Browser LOG     %c[Vercel Web Analytics]%c [pageview] http://localhost:3000/ color: rgb(120, 120, 120) color: inherit {"dp":"/","o":"http://localhost:3000/","sdkn":"@vercel/analytics/next","sdkv":"1.5.0","sv":"0.1.3","ts":1764340998774}
[00:06:13.417] Browser LOG     User authenticated: {"contraseña":"123456","jerarquia":"Comisario General","nombre":"Carlos Director","preguntaSeguridad":"¿Nombre de tu primera mascota?","respuestaSeguridad":"firulais","rol":"DIRECTOR","usuario":"director@pst.gov"}
[00:06:13.417] Browser LOG     %c[Vercel Web Analytics]%c [pageview] http://localhost:3000/dashboard color: rgb(120, 120, 120) color: inherit {"dp":"/dashboard","o":"http://localhost:3000/dashboard","sdkn":"@vercel/analytics/next","sdkv":"1.5.0","sv":"0.1.3","ts":1764341004228}
[00:06:15.257] Browser LOG     %c[Vercel Web Analytics]%c [pageview] http://localhost:3000/dashboard/cases color: rgb(120, 120, 120) color: inherit {"dp":"/dashboard/cases","o":"http://localhost:3000/dashboard/cases","sdkn":"@vercel/analytics/next","sdkv":"1.5.0","sv":"0.1.3","ts":1764341006213}
[00:06:23.390] Browser LOG     %c[Vercel Web Analytics]%c [pageview] http://localhost:3000/ color: rgb(120, 120, 120) color: inherit {"dp":"/","o":"http://localhost:3000/","sdkn":"@vercel/analytics/next","sdkv":"1.5.0","sv":"0.1.3","ts":1764341014341}
[00:06:28.707] Browser LOG     User authenticated: {"contraseña":"123456","jerarquia":"Inspector Jefe","nombre":"María Coordinadora","preguntaSeguridad":"¿Ciudad de nacimiento?","respuestaSeguridad":"cagua","rol":"COORDINADOR","usuario":"coordinador@pst.gov"}
[00:06:28.707] Browser LOG     %c[Vercel Web Analytics]%c [pageview] http://localhost:3000/dashboard color: rgb(120, 120, 120) color: inherit {"dp":"/dashboard","o":"http://localhost:3000/dashboard","sdkn":"@vercel/analytics/next","sdkv":"1.5.0","sv":"0.1.3","ts":1764341019516}
[00:06:30.043] Browser LOG     %c[Vercel Web Analytics]%c [pageview] http://localhost:3000/dashboard/cases color: rgb(120, 120, 120) color: inherit {"dp":"/dashboard/cases","o":"http://localhost:3000/dashboard/cases","sdkn":"@vercel/analytics/next","sdkv":"1.5.0","sv":"0.1.3","ts":1764341021012}
[00:06:36.451] Browser LOG     %c[Vercel Web Analytics]%c [pageview] http://localhost:3000/ color: rgb(120, 120, 120) color: inherit {"dp":"/","o":"http://localhost:3000/","sdkn":"@vercel/analytics/next","sdkv":"1.5.0","sv":"0.1.3","ts":1764341027404}
[00:06:41.651] Browser LOG     User authenticated: {"contraseña":"123456","jerarquia":"Oficial","nombre":"Juan Funcionario","preguntaSeguridad":"¿Comida favorita?","respuestaSeguridad":"pizza","rol":"FUNCIONARIO","usuario":"funcionario@pst.gov"}
[00:06:41.651] Browser LOG     %c[Vercel Web Analytics]%c [pageview] http://localhost:3000/dashboard color: rgb(120, 120, 120) color: inherit {"dp":"/dashboard","o":"http://localhost:3000/dashboard","sdkn":"@vercel/analytics/next","sdkv":"1.5.0","sv":"0.1.3","ts":1764341032438}
[00:06:43.030] Browser LOG     %c[Vercel Web Analytics]%c [pageview] http://localhost:3000/dashboard/cases color: rgb(120, 120, 120) color: inherit {"dp":"/dashboard/cases","o":"http://localhost:3000/dashboard/cases","sdkn":"@vercel/analytics/next","sdkv":"1.5.0","sv":"0.1.3","ts":1764341033992}
[00:06:46.420] Browser LOG     %c[Vercel Web Analytics]%c [pageview] http://localhost:3000/dashboard/incidents color: rgb(120, 120, 120) color: inherit {"dp":"/dashboard/incidents","o":"http://localhost:3000/dashboard/incidents","sdkn":"@vercel/analytics/next","sdkv":"1.5.0","sv":"0.1.3","ts":1764341037373}
[00:06:48.409] Browser LOG     %c[Vercel Web Analytics]%c [pageview] http://localhost:3000/dashboard/guards color: rgb(120, 120, 120) color: inherit {"dp":"/dashboard/guards","o":"http://localhost:3000/dashboard/guards","sdkn":"@vercel/analytics/next","sdkv":"1.5.0","sv":"0.1.3","ts":1764341039373}
[00:06:48.961] Browser WARN    The width(-1) and height(-1) of chart should be greater than 0,
       please check the style of container, or the props width(100%) and height(100%),
       or add a minWidth(0) or minHeight(undefined) or use aspect(undefined) to control the
       height and width.
[00:06:48.961] Browser WARN    The width(-1) and height(-1) of chart should be greater than 0,
       please check the style of container, or the props width(100%) and height(100%),
       or add a minWidth(0) or minHeight(undefined) or use aspect(undefined) to control the
       height and width.
[00:06:48.961] Browser WARN    The width(-1) and height(-1) of chart should be greater than 0,
       please check the style of container, or the props width(100%) and height(100%),
       or add a minWidth(0) or minHeight(undefined) or use aspect(undefined) to control the
       height and width.
[00:06:48.961] Browser WARN    The width(-1) and height(-1) of chart should be greater than 0,
       please check the style of container, or the props width(100%) and height(100%),
       or add a minWidth(0) or minHeight(undefined) or use aspect(undefined) to control the
       height and width.
[00:06:48.961] Browser LOG     %c[Vercel Web Analytics]%c [pageview] http://localhost:3000/dashboard/statistics color: rgb(120, 120, 120) color: inherit {"dp":"/dashboard/statistics","o":"http://localhost:3000/dashboard/statistics","sdkn":"@vercel/analytics/next","sdkv":"1.5.0","sv":"0.1.3","ts":1764341039858}
[00:06:55.446] Browser LOG     %c[Vercel Web Analytics]%c [pageview] http://localhost:3000/ color: rgb(120, 120, 120) color: inherit {"dp":"/","o":"http://localhost:3000/","sdkn":"@vercel/analytics/next","sdkv":"1.5.0","sv":"0.1.3","ts":1764341046407}
